# JRE version: OpenJDK Runtime Environment (7.0_95) (build 1.7.0_95-b00)
# Java VM: OpenJDK 64-Bit Server VM (24.95-b01 mixed mode linux-amd64 compressed oops)
Heap
 def new generation   total 79424K, used 8533K [0x00000000b5a00000, 0x00000000bb020000, 0x00000000caf50000)
  eden space 70656K,  12% used [0x00000000b5a00000, 0x00000000b6255680, 0x00000000b9f00000)
  from space 8768K,   0% used [0x00000000ba790000, 0x00000000ba790000, 0x00000000bb020000)
  to   space 8768K,   0% used [0x00000000b9f00000, 0x00000000b9f00000, 0x00000000ba790000)
 tenured generation   total 206032K, used 206031K [0x00000000caf50000, 0x00000000d7884000, 0x00000000f5a00000)
   the space 206032K,  99% used [0x00000000caf50000, 0x00000000d7883fe8, 0x00000000d7884000, 0x00000000d7884000)
 compacting perm gen  total 21248K, used 6283K [0x00000000f5a00000, 0x00000000f6ec0000, 0x0000000100000000)
   the space 21248K,  29% used [0x00000000f5a00000, 0x00000000f6022ee8, 0x00000000f6023000, 0x00000000f6ec0000)
GC Heap History (10 events):
Event: 34,512 GC heap after
Heap after GC invocations=26 (full 3):
 def new generation   total 74496K, used 8256K [0x00000000b5a00000, 0x00000000baad0000, 0x00000000caf50000)
  eden space 66240K,   0% used [0x00000000b5a00000, 0x00000000b5a00000, 0x00000000b9ab0000)
  from space 8256K, 100% used [0x00000000b9ab0000, 0x00000000ba2c0000, 0x00000000ba2c0000)
  to   space 8256K,   0% used [0x00000000ba2c0000, 0x00000000ba2c0000, 0x00000000baad0000)
 tenured generation   total 165408K, used 126410K [0x00000000caf50000, 0x00000000d50d8000, 0x00000000f5a00000)
   the space 165408K,  76% used [0x00000000caf50000, 0x00000000d2ac2b48, 0x00000000d2ac2c00, 0x00000000d50d8000)
 compacting perm gen  total 21248K, used 6279K [0x00000000f5a00000, 0x00000000f6ec0000, 0x0000000100000000)
   the space 21248K,  29% used [0x00000000f5a00000, 0x00000000f6021d20, 0x00000000f6021e00, 0x00000000f6ec0000)
No shared spaces configured.
}
Event: 41,076 GC heap before
{Heap before GC invocations=26 (full 3):
 def new generation   total 74496K, used 74496K [0x00000000b5a00000, 0x00000000baad0000, 0x00000000caf50000)
  eden space 66240K, 100% used [0x00000000b5a00000, 0x00000000b9ab0000, 0x00000000b9ab0000)
  from space 8256K, 100% used [0x00000000b9ab0000, 0x00000000ba2c0000, 0x00000000ba2c0000)
  to   space 8256K,   0% used [0x00000000ba2c0000, 0x00000000ba2c0000, 0x00000000baad0000)
 tenured generation   total 165408K, used 126410K [0x00000000caf50000, 0x00000000d50d8000, 0x00000000f5a00000)
   the space 165408K,  76% used [0x00000000caf50000, 0x00000000d2ac2b48, 0x00000000d2ac2c00, 0x00000000d50d8000)
 compacting perm gen  total 21248K, used 6284K [0x00000000f5a00000, 0x00000000f6ec0000, 0x0000000100000000)
   the space 21248K,  29% used [0x00000000f5a00000, 0x00000000f6023330, 0x00000000f6023400, 0x00000000f6ec0000)
No shared spaces configured.
Event: 41,308 GC heap after
Heap after GC invocations=27 (full 3):
 def new generation   total 74496K, used 8256K [0x00000000b5a00000, 0x00000000baad0000, 0x00000000caf50000)
  eden space 66240K,   0% used [0x00000000b5a00000, 0x00000000b5a00000, 0x00000000b9ab0000)
  from space 8256K, 100% used [0x00000000ba2c0000, 0x00000000baad0000, 0x00000000baad0000)
  to   space 8256K,   0% used [0x00000000b9ab0000, 0x00000000b9ab0000, 0x00000000ba2c0000)
 tenured generation   total 165408K, used 148674K [0x00000000caf50000, 0x00000000d50d8000, 0x00000000f5a00000)
   the space 165408K,  89% used [0x00000000caf50000, 0x00000000d4080a90, 0x00000000d4080c00, 0x00000000d50d8000)
 compacting perm gen  total 21248K, used 6284K [0x00000000f5a00000, 0x00000000f6ec0000, 0x0000000100000000)
   the space 21248K,  29% used [0x00000000f5a00000, 0x00000000f6023330, 0x00000000f6023400, 0x00000000f6ec0000)
No shared spaces configured.
}
Event: 42,830 GC heap before
{Heap before GC invocations=27 (full 3):
 def new generation   total 74496K, used 74496K [0x00000000b5a00000, 0x00000000baad0000, 0x00000000caf50000)
  eden space 66240K, 100% used [0x00000000b5a00000, 0x00000000b9ab0000, 0x00000000b9ab0000)
  from space 8256K, 100% used [0x00000000ba2c0000, 0x00000000baad0000, 0x00000000baad0000)
  to   space 8256K,   0% used [0x00000000b9ab0000, 0x00000000b9ab0000, 0x00000000ba2c0000)
 tenured generation   total 165408K, used 148674K [0x00000000caf50000, 0x00000000d50d8000, 0x00000000f5a00000)
   the space 165408K,  89% used [0x00000000caf50000, 0x00000000d4080a90, 0x00000000d4080c00, 0x00000000d50d8000)
 compacting perm gen  total 21248K, used 6286K [0x00000000f5a00000, 0x00000000f6ec0000, 0x0000000100000000)
   the space 21248K,  29% used [0x00000000f5a00000, 0x00000000f6023870, 0x00000000f6023a00, 0x00000000f6ec0000)
No shared spaces configured.
Event: 43,554 GC heap after
Heap after GC invocations=28 (full 4):
 def new generation   total 79424K, used 0K [0x00000000b5a00000, 0x00000000bb020000, 0x00000000caf50000)
  eden space 70656K,   0% used [0x00000000b5a00000, 0x00000000b5a00000, 0x00000000b9f00000)
  from space 8768K,   0% used [0x00000000b9f00000, 0x00000000b9f00000, 0x00000000ba790000)
  to   space 8768K,   0% used [0x00000000ba790000, 0x00000000ba790000, 0x00000000bb020000)
 tenured generation   total 176272K, used 105763K [0x00000000caf50000, 0x00000000d5b74000, 0x00000000f5a00000)
   the space 176272K,  59% used [0x00000000caf50000, 0x00000000d1698c28, 0x00000000d1698e00, 0x00000000d5b74000)
 compacting perm gen  total 21248K, used 6282K [0x00000000f5a00000, 0x00000000f6ec0000, 0x0000000100000000)
   the space 21248K,  29% used [0x00000000f5a00000, 0x00000000f6022a60, 0x00000000f6022c00, 0x00000000f6ec0000)
No shared spaces configured.
}
Event: 44,085 GC heap before
{Heap before GC invocations=28 (full 4):
 def new generation   total 79424K, used 70656K [0x00000000b5a00000, 0x00000000bb020000, 0x00000000caf50000)
  eden space 70656K, 100% used [0x00000000b5a00000, 0x00000000b9f00000, 0x00000000b9f00000)
  from space 8768K,   0% used [0x00000000b9f00000, 0x00000000b9f00000, 0x00000000ba790000)
  to   space 8768K,   0% used [0x00000000ba790000, 0x00000000ba790000, 0x00000000bb020000)
 tenured generation   total 176272K, used 105763K [0x00000000caf50000, 0x00000000d5b74000, 0x00000000f5a00000)
   the space 176272K,  59% used [0x00000000caf50000, 0x00000000d1698c28, 0x00000000d1698e00, 0x00000000d5b74000)
 compacting perm gen  total 21248K, used 6282K [0x00000000f5a00000, 0x00000000f6ec0000, 0x0000000100000000)
   the space 21248K,  29% used [0x00000000f5a00000, 0x00000000f6022a60, 0x00000000f6022c00, 0x00000000f6ec0000)
No shared spaces configured.
Event: 44,187 GC heap after
Heap after GC invocations=29 (full 4):
 def new generation   total 79424K, used 8767K [0x00000000b5a00000, 0x00000000bb020000, 0x00000000caf50000)
  eden space 70656K,   0% used [0x00000000b5a00000, 0x00000000b5a00000, 0x00000000b9f00000)
  from space 8768K,  99% used [0x00000000ba790000, 0x00000000bb01fff8, 0x00000000bb020000)
  to   space 8768K,   0% used [0x00000000b9f00000, 0x00000000b9f00000, 0x00000000ba790000)
 tenured generation   total 176272K, used 131379K [0x00000000caf50000, 0x00000000d5b74000, 0x00000000f5a00000)
   the space 176272K,  74% used [0x00000000caf50000, 0x00000000d2f9cda8, 0x00000000d2f9ce00, 0x00000000d5b74000)
 compacting perm gen  total 21248K, used 6282K [0x00000000f5a00000, 0x00000000f6ec0000, 0x0000000100000000)
   the space 21248K,  29% used [0x00000000f5a00000, 0x00000000f6022a60, 0x00000000f6022c00, 0x00000000f6ec0000)
No shared spaces configured.
}
Event: 44,782 GC heap before
{Heap before GC invocations=29 (full 4):
 def new generation   total 79424K, used 79423K [0x00000000b5a00000, 0x00000000bb020000, 0x00000000caf50000)
  eden space 70656K, 100% used [0x00000000b5a00000, 0x00000000b9f00000, 0x00000000b9f00000)
  from space 8768K,  99% used [0x00000000ba790000, 0x00000000bb01fff8, 0x00000000bb020000)
  to   space 8768K,   0% used [0x00000000b9f00000, 0x00000000b9f00000, 0x00000000ba790000)
 tenured generation   total 176272K, used 131379K [0x00000000caf50000, 0x00000000d5b74000, 0x00000000f5a00000)
   the space 176272K,  74% used [0x00000000caf50000, 0x00000000d2f9cda8, 0x00000000d2f9ce00, 0x00000000d5b74000)
 compacting perm gen  total 21248K, used 6283K [0x00000000f5a00000, 0x00000000f6ec0000, 0x0000000100000000)
   the space 21248K,  29% used [0x00000000f5a00000, 0x00000000f6022e10, 0x00000000f6023000, 0x00000000f6ec0000)
No shared spaces configured.
Event: 44,898 GC heap after
Heap after GC invocations=30 (full 4):
 def new generation   total 79424K, used 8768K [0x00000000b5a00000, 0x00000000bb020000, 0x00000000caf50000)
  eden space 70656K,   0% used [0x00000000b5a00000, 0x00000000b5a00000, 0x00000000b9f00000)
  from space 8768K, 100% used [0x00000000b9f00000, 0x00000000ba790000, 0x00000000ba790000)
  to   space 8768K,   0% used [0x00000000ba790000, 0x00000000ba790000, 0x00000000bb020000)
 tenured generation   total 176272K, used 169730K [0x00000000caf50000, 0x00000000d5b74000, 0x00000000f5a00000)
   the space 176272K,  96% used [0x00000000caf50000, 0x00000000d5510b80, 0x00000000d5510c00, 0x00000000d5b74000)
 compacting perm gen  total 21248K, used 6283K [0x00000000f5a00000, 0x00000000f6ec0000, 0x0000000100000000)
   the space 21248K,  29% used [0x00000000f5a00000, 0x00000000f6022e10, 0x00000000f6023000, 0x00000000f6ec0000)
No shared spaces configured.
}
Event: 45,372 GC heap before
{Heap before GC invocations=30 (full 4):
 def new generation   total 79424K, used 79424K [0x00000000b5a00000, 0x00000000bb020000, 0x00000000caf50000)
  eden space 70656K, 100% used [0x00000000b5a00000, 0x00000000b9f00000, 0x00000000b9f00000)
  from space 8768K, 100% used [0x00000000b9f00000, 0x00000000ba790000, 0x00000000ba790000)
  to   space 8768K,   0% used [0x00000000ba790000, 0x00000000ba790000, 0x00000000bb020000)
 tenured generation   total 176272K, used 169730K [0x00000000caf50000, 0x00000000d5b74000, 0x00000000f5a00000)
   the space 176272K,  96% used [0x00000000caf50000, 0x00000000d5510b80, 0x00000000d5510c00, 0x00000000d5b74000)
 compacting perm gen  total 21248K, used 6283K [0x00000000f5a00000, 0x00000000f6ec0000, 0x0000000100000000)
   the space 21248K,  29% used [0x00000000f5a00000, 0x00000000f6022ee8, 0x00000000f6023000, 0x00000000f6ec0000)
No shared spaces configured.

