# JRE version: OpenJDK Runtime Environment (7.0_95) (build 1.7.0_95-b00)
# Java VM: OpenJDK 64-Bit Server VM (24.95-b01 mixed mode linux-amd64 compressed oops)
Heap
 def new generation   total 109248K, used 0K [0x00000000b5a00000, 0x00000000bd080000, 0x00000000caf50000)
  eden space 97152K,   0% used [0x00000000b5a00000, 0x00000000b5a00000, 0x00000000bb8e0000)
  from space 12096K,   0% used [0x00000000bb8e0000, 0x00000000bb8e0000, 0x00000000bc4b0000)
  to   space 12096K,   0% used [0x00000000bc4b0000, 0x00000000bc4b0000, 0x00000000bd080000)
 tenured generation   total 249144K, used 217009K [0x00000000caf50000, 0x00000000da29e000, 0x00000000f5a00000)
   the space 249144K,  87% used [0x00000000caf50000, 0x00000000d833c710, 0x00000000d833c800, 0x00000000da29e000)
 compacting perm gen  total 21248K, used 6292K [0x00000000f5a00000, 0x00000000f6ec0000, 0x0000000100000000)
   the space 21248K,  29% used [0x00000000f5a00000, 0x00000000f6025390, 0x00000000f6025400, 0x00000000f6ec0000)
GC Heap History (10 events):
Event: 50,363 GC heap after
Heap after GC invocations=29 (full 4):
 def new generation   total 109248K, used 12096K [0x00000000b5a00000, 0x00000000bd080000, 0x00000000caf50000)
  eden space 97152K,   0% used [0x00000000b5a00000, 0x00000000b5a00000, 0x00000000bb8e0000)
  from space 12096K, 100% used [0x00000000bc4b0000, 0x00000000bd080000, 0x00000000bd080000)
  to   space 12096K,   0% used [0x00000000bb8e0000, 0x00000000bb8e0000, 0x00000000bc4b0000)
 tenured generation   total 242616K, used 216706K [0x00000000caf50000, 0x00000000d9c3e000, 0x00000000f5a00000)
   the space 242616K,  89% used [0x00000000caf50000, 0x00000000d82f0b00, 0x00000000d82f0c00, 0x00000000d9c3e000)
 compacting perm gen  total 21248K, used 6285K [0x00000000f5a00000, 0x00000000f6ec0000, 0x0000000100000000)
   the space 21248K,  29% used [0x00000000f5a00000, 0x00000000f6023778, 0x00000000f6023800, 0x00000000f6ec0000)
No shared spaces configured.
}
Event: 63,401 GC heap before
{Heap before GC invocations=29 (full 4):
 def new generation   total 109248K, used 109248K [0x00000000b5a00000, 0x00000000bd080000, 0x00000000caf50000)
  eden space 97152K, 100% used [0x00000000b5a00000, 0x00000000bb8e0000, 0x00000000bb8e0000)
  from space 12096K, 100% used [0x00000000bc4b0000, 0x00000000bd080000, 0x00000000bd080000)
  to   space 12096K,   0% used [0x00000000bb8e0000, 0x00000000bb8e0000, 0x00000000bc4b0000)
 tenured generation   total 242616K, used 216706K [0x00000000caf50000, 0x00000000d9c3e000, 0x00000000f5a00000)
   the space 242616K,  89% used [0x00000000caf50000, 0x00000000d82f0b00, 0x00000000d82f0c00, 0x00000000d9c3e000)
 compacting perm gen  total 21248K, used 6287K [0x00000000f5a00000, 0x00000000f6ec0000, 0x0000000100000000)
   the space 21248K,  29% used [0x00000000f5a00000, 0x00000000f6023d48, 0x00000000f6023e00, 0x00000000f6ec0000)
No shared spaces configured.
Event: 146,972 GC heap after
Heap after GC invocations=30 (full 5):
 def new generation   total 109248K, used 0K [0x00000000b5a00000, 0x00000000bd080000, 0x00000000caf50000)
  eden space 97152K,   0% used [0x00000000b5a00000, 0x00000000b5a00000, 0x00000000bb8e0000)
  from space 12096K,   0% used [0x00000000bb8e0000, 0x00000000bb8e0000, 0x00000000bc4b0000)
  to   space 12096K,   0% used [0x00000000bc4b0000, 0x00000000bc4b0000, 0x00000000bd080000)
 tenured generation   total 242616K, used 121489K [0x00000000caf50000, 0x00000000d9c3e000, 0x00000000f5a00000)
   the space 242616K,  50% used [0x00000000caf50000, 0x00000000d25f4768, 0x00000000d25f4800, 0x00000000d9c3e000)
 compacting perm gen  total 21248K, used 6287K [0x00000000f5a00000, 0x00000000f6ec0000, 0x0000000100000000)
   the space 21248K,  29% used [0x00000000f5a00000, 0x00000000f6023d48, 0x00000000f6023e00, 0x00000000f6ec0000)
No shared spaces configured.
}
Event: 147,278 GC heap before
{Heap before GC invocations=30 (full 5):
 def new generation   total 109248K, used 97152K [0x00000000b5a00000, 0x00000000bd080000, 0x00000000caf50000)
  eden space 97152K, 100% used [0x00000000b5a00000, 0x00000000bb8e0000, 0x00000000bb8e0000)
  from space 12096K,   0% used [0x00000000bb8e0000, 0x00000000bb8e0000, 0x00000000bc4b0000)
  to   space 12096K,   0% used [0x00000000bc4b0000, 0x00000000bc4b0000, 0x00000000bd080000)
 tenured generation   total 242616K, used 121489K [0x00000000caf50000, 0x00000000d9c3e000, 0x00000000f5a00000)
   the space 242616K,  50% used [0x00000000caf50000, 0x00000000d25f4768, 0x00000000d25f4800, 0x00000000d9c3e000)
 compacting perm gen  total 21248K, used 6287K [0x00000000f5a00000, 0x00000000f6ec0000, 0x0000000100000000)
   the space 21248K,  29% used [0x00000000f5a00000, 0x00000000f6023e10, 0x00000000f6024000, 0x00000000f6ec0000)
No shared spaces configured.
Event: 147,408 GC heap after
Heap after GC invocations=31 (full 5):
 def new generation   total 109248K, used 12096K [0x00000000b5a00000, 0x00000000bd080000, 0x00000000caf50000)
  eden space 97152K,   0% used [0x00000000b5a00000, 0x00000000b5a00000, 0x00000000bb8e0000)
  from space 12096K, 100% used [0x00000000bc4b0000, 0x00000000bd080000, 0x00000000bd080000)
  to   space 12096K,   0% used [0x00000000bb8e0000, 0x00000000bb8e0000, 0x00000000bc4b0000)
 tenured generation   total 242616K, used 175488K [0x00000000caf50000, 0x00000000d9c3e000, 0x00000000f5a00000)
   the space 242616K,  72% used [0x00000000caf50000, 0x00000000d5ab00c0, 0x00000000d5ab0200, 0x00000000d9c3e000)
 compacting perm gen  total 21248K, used 6287K [0x00000000f5a00000, 0x00000000f6ec0000, 0x0000000100000000)
   the space 21248K,  29% used [0x00000000f5a00000, 0x00000000f6023e10, 0x00000000f6024000, 0x00000000f6ec0000)
No shared spaces configured.
}
Event: 147,775 GC heap before
{Heap before GC invocations=31 (full 5):
 def new generation   total 109248K, used 109248K [0x00000000b5a00000, 0x00000000bd080000, 0x00000000caf50000)
  eden space 97152K, 100% used [0x00000000b5a00000, 0x00000000bb8e0000, 0x00000000bb8e0000)
  from space 12096K, 100% used [0x00000000bc4b0000, 0x00000000bd080000, 0x00000000bd080000)
  to   space 12096K,   0% used [0x00000000bb8e0000, 0x00000000bb8e0000, 0x00000000bc4b0000)
 tenured generation   total 242616K, used 175488K [0x00000000caf50000, 0x00000000d9c3e000, 0x00000000f5a00000)
   the space 242616K,  72% used [0x00000000caf50000, 0x00000000d5ab00c0, 0x00000000d5ab0200, 0x00000000d9c3e000)
 compacting perm gen  total 21248K, used 6287K [0x00000000f5a00000, 0x00000000f6ec0000, 0x0000000100000000)
   the space 21248K,  29% used [0x00000000f5a00000, 0x00000000f6023e10, 0x00000000f6024000, 0x00000000f6ec0000)
No shared spaces configured.
Event: 147,882 GC heap after
Heap after GC invocations=32 (full 5):
 def new generation   total 109248K, used 12096K [0x00000000b5a00000, 0x00000000bd080000, 0x00000000caf50000)
  eden space 97152K,   0% used [0x00000000b5a00000, 0x00000000b5a00000, 0x00000000bb8e0000)
  from space 12096K, 100% used [0x00000000bb8e0000, 0x00000000bc4b0000, 0x00000000bc4b0000)
  to   space 12096K,   0% used [0x00000000bc4b0000, 0x00000000bc4b0000, 0x00000000bd080000)
 tenured generation   total 242616K, used 214803K [0x00000000caf50000, 0x00000000d9c3e000, 0x00000000f5a00000)
   the space 242616K,  88% used [0x00000000caf50000, 0x00000000d8114ea8, 0x00000000d8115000, 0x00000000d9c3e000)
 compacting perm gen  total 21248K, used 6287K [0x00000000f5a00000, 0x00000000f6ec0000, 0x0000000100000000)
   the space 21248K,  29% used [0x00000000f5a00000, 0x00000000f6023e10, 0x00000000f6024000, 0x00000000f6ec0000)
No shared spaces configured.
}
Event: 150,611 GC heap before
{Heap before GC invocations=32 (full 5):
 def new generation   total 109248K, used 109248K [0x00000000b5a00000, 0x00000000bd080000, 0x00000000caf50000)
  eden space 97152K, 100% used [0x00000000b5a00000, 0x00000000bb8e0000, 0x00000000bb8e0000)
  from space 12096K, 100% used [0x00000000bb8e0000, 0x00000000bc4b0000, 0x00000000bc4b0000)
  to   space 12096K,   0% used [0x00000000bc4b0000, 0x00000000bc4b0000, 0x00000000bd080000)
 tenured generation   total 242616K, used 214803K [0x00000000caf50000, 0x00000000d9c3e000, 0x00000000f5a00000)
   the space 242616K,  88% used [0x00000000caf50000, 0x00000000d8114ea8, 0x00000000d8115000, 0x00000000d9c3e000)
 compacting perm gen  total 21248K, used 6291K [0x00000000f5a00000, 0x00000000f6ec0000, 0x0000000100000000)
   the space 21248K,  29% used [0x00000000f5a00000, 0x00000000f6024e58, 0x00000000f6025000, 0x00000000f6ec0000)
No shared spaces configured.
Event: 150,736 GC heap after
Heap after GC invocations=33 (full 5):
 def new generation   total 109248K, used 12095K [0x00000000b5a00000, 0x00000000bd080000, 0x00000000caf50000)
  eden space 97152K,   0% used [0x00000000b5a00000, 0x00000000b5a00000, 0x00000000bb8e0000)
  from space 12096K,  99% used [0x00000000bc4b0000, 0x00000000bd07fff8, 0x00000000bd080000)
  to   space 12096K,   0% used [0x00000000bb8e0000, 0x00000000bb8e0000, 0x00000000bc4b0000)
 tenured generation   total 242616K, used 238985K [0x00000000caf50000, 0x00000000d9c3e000, 0x00000000f5a00000)
   the space 242616K,  98% used [0x00000000caf50000, 0x00000000d98b24f0, 0x00000000d98b2600, 0x00000000d9c3e000)
 compacting perm gen  total 21248K, used 6291K [0x00000000f5a00000, 0x00000000f6ec0000, 0x0000000100000000)
   the space 21248K,  29% used [0x00000000f5a00000, 0x00000000f6024e58, 0x00000000f6025000, 0x00000000f6ec0000)
No shared spaces configured.
}
Event: 153,302 GC heap before
{Heap before GC invocations=33 (full 5):
 def new generation   total 109248K, used 109247K [0x00000000b5a00000, 0x00000000bd080000, 0x00000000caf50000)
  eden space 97152K, 100% used [0x00000000b5a00000, 0x00000000bb8e0000, 0x00000000bb8e0000)
  from space 12096K,  99% used [0x00000000bc4b0000, 0x00000000bd07fff8, 0x00000000bd080000)
  to   space 12096K,   0% used [0x00000000bb8e0000, 0x00000000bb8e0000, 0x00000000bc4b0000)
 tenured generation   total 242616K, used 238985K [0x00000000caf50000, 0x00000000d9c3e000, 0x00000000f5a00000)
   the space 242616K,  98% used [0x00000000caf50000, 0x00000000d98b24f0, 0x00000000d98b2600, 0x00000000d9c3e000)
 compacting perm gen  total 21248K, used 6292K [0x00000000f5a00000, 0x00000000f6ec0000, 0x0000000100000000)
   the space 21248K,  29% used [0x00000000f5a00000, 0x00000000f6025390, 0x00000000f6025400, 0x00000000f6ec0000)
No shared spaces configured.

