# JRE version: OpenJDK Runtime Environment (7.0_95) (build 1.7.0_95-b00)
# Java VM: OpenJDK 64-Bit Server VM (24.95-b01 mixed mode linux-amd64 compressed oops)
Heap
 def new generation   total 82432K, used 7239K [0x00000000b5a00000, 0x00000000bb370000, 0x00000000caf50000)
  eden space 73280K,   9% used [0x00000000b5a00000, 0x00000000b6111d18, 0x00000000ba190000)
  from space 9152K,   0% used [0x00000000baa80000, 0x00000000baa80000, 0x00000000bb370000)
  to   space 9152K,   0% used [0x00000000ba190000, 0x00000000ba190000, 0x00000000baa80000)
 tenured generation   total 199216K, used 199215K [0x00000000caf50000, 0x00000000d71dc000, 0x00000000f5a00000)
   the space 199216K,  99% used [0x00000000caf50000, 0x00000000d71dbff8, 0x00000000d71dc000, 0x00000000d71dc000)
 compacting perm gen  total 21248K, used 6285K [0x00000000f5a00000, 0x00000000f6ec0000, 0x0000000100000000)
   the space 21248K,  29% used [0x00000000f5a00000, 0x00000000f6023440, 0x00000000f6023600, 0x00000000f6ec0000)
GC Heap History (10 events):
Event: 36,489 GC heap after
Heap after GC invocations=26 (full 3):
 def new generation   total 46784K, used 0K [0x00000000b5a00000, 0x00000000b8cc0000, 0x00000000caf50000)
  eden space 41600K,   0% used [0x00000000b5a00000, 0x00000000b5a00000, 0x00000000b82a0000)
  from space 5184K,   0% used [0x00000000b82a0000, 0x00000000b82a0000, 0x00000000b87b0000)
  to   space 5184K,   0% used [0x00000000b87b0000, 0x00000000b87b0000, 0x00000000b8cc0000)
 tenured generation   total 103820K, used 62290K [0x00000000caf50000, 0x00000000d14b3000, 0x00000000f5a00000)
   the space 103820K,  59% used [0x00000000caf50000, 0x00000000cec24950, 0x00000000cec24a00, 0x00000000d14b3000)
 compacting perm gen  total 21248K, used 6286K [0x00000000f5a00000, 0x00000000f6ec0000, 0x0000000100000000)
   the space 21248K,  29% used [0x00000000f5a00000, 0x00000000f6023920, 0x00000000f6023a00, 0x00000000f6ec0000)
No shared spaces configured.
}
Event: 38,528 GC heap before
{Heap before GC invocations=26 (full 3):
 def new generation   total 46784K, used 41600K [0x00000000b5a00000, 0x00000000b8cc0000, 0x00000000caf50000)
  eden space 41600K, 100% used [0x00000000b5a00000, 0x00000000b82a0000, 0x00000000b82a0000)
  from space 5184K,   0% used [0x00000000b82a0000, 0x00000000b82a0000, 0x00000000b87b0000)
  to   space 5184K,   0% used [0x00000000b87b0000, 0x00000000b87b0000, 0x00000000b8cc0000)
 tenured generation   total 103820K, used 62290K [0x00000000caf50000, 0x00000000d14b3000, 0x00000000f5a00000)
   the space 103820K,  59% used [0x00000000caf50000, 0x00000000cec24950, 0x00000000cec24a00, 0x00000000d14b3000)
 compacting perm gen  total 21248K, used 6287K [0x00000000f5a00000, 0x00000000f6ec0000, 0x0000000100000000)
   the space 21248K,  29% used [0x00000000f5a00000, 0x00000000f6023d58, 0x00000000f6023e00, 0x00000000f6ec0000)
No shared spaces configured.
Event: 38,688 GC heap after
Heap after GC invocations=27 (full 3):
 def new generation   total 46784K, used 5184K [0x00000000b5a00000, 0x00000000b8cc0000, 0x00000000caf50000)
  eden space 41600K,   0% used [0x00000000b5a00000, 0x00000000b5a00000, 0x00000000b82a0000)
  from space 5184K, 100% used [0x00000000b87b0000, 0x00000000b8cc0000, 0x00000000b8cc0000)
  to   space 5184K,   0% used [0x00000000b82a0000, 0x00000000b82a0000, 0x00000000b87b0000)
 tenured generation   total 103820K, used 83966K [0x00000000caf50000, 0x00000000d14b3000, 0x00000000f5a00000)
   the space 103820K,  80% used [0x00000000caf50000, 0x00000000d014fa48, 0x00000000d014fc00, 0x00000000d14b3000)
 compacting perm gen  total 21248K, used 6287K [0x00000000f5a00000, 0x00000000f6ec0000, 0x0000000100000000)
   the space 21248K,  29% used [0x00000000f5a00000, 0x00000000f6023d58, 0x00000000f6023e00, 0x00000000f6ec0000)
No shared spaces configured.
}
Event: 38,774 GC heap before
{Heap before GC invocations=27 (full 3):
 def new generation   total 46784K, used 46784K [0x00000000b5a00000, 0x00000000b8cc0000, 0x00000000caf50000)
  eden space 41600K, 100% used [0x00000000b5a00000, 0x00000000b82a0000, 0x00000000b82a0000)
  from space 5184K, 100% used [0x00000000b87b0000, 0x00000000b8cc0000, 0x00000000b8cc0000)
  to   space 5184K,   0% used [0x00000000b82a0000, 0x00000000b82a0000, 0x00000000b87b0000)
 tenured generation   total 103820K, used 83966K [0x00000000caf50000, 0x00000000d14b3000, 0x00000000f5a00000)
   the space 103820K,  80% used [0x00000000caf50000, 0x00000000d014fa48, 0x00000000d014fc00, 0x00000000d14b3000)
 compacting perm gen  total 21248K, used 6287K [0x00000000f5a00000, 0x00000000f6ec0000, 0x0000000100000000)
   the space 21248K,  29% used [0x00000000f5a00000, 0x00000000f6023d58, 0x00000000f6023e00, 0x00000000f6ec0000)
No shared spaces configured.
Event: 39,373 GC heap after
Heap after GC invocations=28 (full 4):
 def new generation   total 82432K, used 0K [0x00000000b5a00000, 0x00000000bb370000, 0x00000000caf50000)
  eden space 73280K,   0% used [0x00000000b5a00000, 0x00000000b5a00000, 0x00000000ba190000)
  from space 9152K,   0% used [0x00000000ba190000, 0x00000000ba190000, 0x00000000baa80000)
  to   space 9152K,   0% used [0x00000000baa80000, 0x00000000baa80000, 0x00000000bb370000)
 tenured generation   total 183088K, used 109852K [0x00000000caf50000, 0x00000000d621c000, 0x00000000f5a00000)
   the space 183088K,  59% used [0x00000000caf50000, 0x00000000d1a97090, 0x00000000d1a97200, 0x00000000d621c000)
 compacting perm gen  total 21248K, used 6283K [0x00000000f5a00000, 0x00000000f6ec0000, 0x0000000100000000)
   the space 21248K,  29% used [0x00000000f5a00000, 0x00000000f6022ea8, 0x00000000f6023000, 0x00000000f6ec0000)
No shared spaces configured.
}
Event: 39,665 GC heap before
{Heap before GC invocations=28 (full 4):
 def new generation   total 82432K, used 73280K [0x00000000b5a00000, 0x00000000bb370000, 0x00000000caf50000)
  eden space 73280K, 100% used [0x00000000b5a00000, 0x00000000ba190000, 0x00000000ba190000)
  from space 9152K,   0% used [0x00000000ba190000, 0x00000000ba190000, 0x00000000baa80000)
  to   space 9152K,   0% used [0x00000000baa80000, 0x00000000baa80000, 0x00000000bb370000)
 tenured generation   total 183088K, used 109852K [0x00000000caf50000, 0x00000000d621c000, 0x00000000f5a00000)
   the space 183088K,  59% used [0x00000000caf50000, 0x00000000d1a97090, 0x00000000d1a97200, 0x00000000d621c000)
 compacting perm gen  total 21248K, used 6283K [0x00000000f5a00000, 0x00000000f6ec0000, 0x0000000100000000)
   the space 21248K,  29% used [0x00000000f5a00000, 0x00000000f6022ea8, 0x00000000f6023000, 0x00000000f6ec0000)
No shared spaces configured.
Event: 39,858 GC heap after
Heap after GC invocations=29 (full 4):
 def new generation   total 82432K, used 9152K [0x00000000b5a00000, 0x00000000bb370000, 0x00000000caf50000)
  eden space 73280K,   0% used [0x00000000b5a00000, 0x00000000b5a00000, 0x00000000ba190000)
  from space 9152K, 100% used [0x00000000baa80000, 0x00000000bb370000, 0x00000000bb370000)
  to   space 9152K,   0% used [0x00000000ba190000, 0x00000000ba190000, 0x00000000baa80000)
 tenured generation   total 183088K, used 144297K [0x00000000caf50000, 0x00000000d621c000, 0x00000000f5a00000)
   the space 183088K,  78% used [0x00000000caf50000, 0x00000000d3c3a570, 0x00000000d3c3a600, 0x00000000d621c000)
 compacting perm gen  total 21248K, used 6283K [0x00000000f5a00000, 0x00000000f6ec0000, 0x0000000100000000)
   the space 21248K,  29% used [0x00000000f5a00000, 0x00000000f6022ea8, 0x00000000f6023000, 0x00000000f6ec0000)
No shared spaces configured.
}
Event: 40,504 GC heap before
{Heap before GC invocations=29 (full 4):
 def new generation   total 82432K, used 82432K [0x00000000b5a00000, 0x00000000bb370000, 0x00000000caf50000)
  eden space 73280K, 100% used [0x00000000b5a00000, 0x00000000ba190000, 0x00000000ba190000)
  from space 9152K, 100% used [0x00000000baa80000, 0x00000000bb370000, 0x00000000bb370000)
  to   space 9152K,   0% used [0x00000000ba190000, 0x00000000ba190000, 0x00000000baa80000)
 tenured generation   total 183088K, used 144297K [0x00000000caf50000, 0x00000000d621c000, 0x00000000f5a00000)
   the space 183088K,  78% used [0x00000000caf50000, 0x00000000d3c3a570, 0x00000000d3c3a600, 0x00000000d621c000)
 compacting perm gen  total 21248K, used 6283K [0x00000000f5a00000, 0x00000000f6ec0000, 0x0000000100000000)
   the space 21248K,  29% used [0x00000000f5a00000, 0x00000000f6022ea8, 0x00000000f6023000, 0x00000000f6ec0000)
No shared spaces configured.
Event: 40,666 GC heap after
Heap after GC invocations=30 (full 4):
 def new generation   total 82432K, used 9152K [0x00000000b5a00000, 0x00000000bb370000, 0x00000000caf50000)
  eden space 73280K,   0% used [0x00000000b5a00000, 0x00000000b5a00000, 0x00000000ba190000)
  from space 9152K, 100% used [0x00000000ba190000, 0x00000000baa80000, 0x00000000baa80000)
  to   space 9152K,   0% used [0x00000000baa80000, 0x00000000baa80000, 0x00000000bb370000)
 tenured generation   total 183088K, used 159536K [0x00000000caf50000, 0x00000000d621c000, 0x00000000f5a00000)
   the space 183088K,  87% used [0x00000000caf50000, 0x00000000d4b1c158, 0x00000000d4b1c200, 0x00000000d621c000)
 compacting perm gen  total 21248K, used 6283K [0x00000000f5a00000, 0x00000000f6ec0000, 0x0000000100000000)
   the space 21248K,  29% used [0x00000000f5a00000, 0x00000000f6022ea8, 0x00000000f6023000, 0x00000000f6ec0000)
No shared spaces configured.
}
Event: 41,344 GC heap before
{Heap before GC invocations=30 (full 4):
 def new generation   total 82432K, used 82432K [0x00000000b5a00000, 0x00000000bb370000, 0x00000000caf50000)
  eden space 73280K, 100% used [0x00000000b5a00000, 0x00000000ba190000, 0x00000000ba190000)
  from space 9152K, 100% used [0x00000000ba190000, 0x00000000baa80000, 0x00000000baa80000)
  to   space 9152K,   0% used [0x00000000baa80000, 0x00000000baa80000, 0x00000000bb370000)
 tenured generation   total 183088K, used 159536K [0x00000000caf50000, 0x00000000d621c000, 0x00000000f5a00000)
   the space 183088K,  87% used [0x00000000caf50000, 0x00000000d4b1c158, 0x00000000d4b1c200, 0x00000000d621c000)
 compacting perm gen  total 21248K, used 6285K [0x00000000f5a00000, 0x00000000f6ec0000, 0x0000000100000000)
   the space 21248K,  29% used [0x00000000f5a00000, 0x00000000f6023440, 0x00000000f6023600, 0x00000000f6ec0000)
No shared spaces configured.

